  imgui.cpp
  imgui_demo.cpp
  imgui_draw.cpp
  imgui_impl_glfw.cpp
  imgui_impl_opengl3.cpp
  imgui_widgets.cpp
  Application.cpp
c:\users\salmin\desktop\dc\dc\doublecheck\engine\object.h(4): warning C4067: unexpected tokens following preprocessor directive - expected a newline
  Camera.cpp
  CameraView.cpp
  Color.cpp
  Component_Enemy.cpp
c:\users\salmin\desktop\dc\dc\doublecheck\engine\object.h(4): warning C4067: unexpected tokens following preprocessor directive - expected a newline
  Component_Player.cpp
c:\users\salmin\desktop\dc\dc\doublecheck\engine\object.h(4): warning C4067: unexpected tokens following preprocessor directive - expected a newline
  Component_TopDownMovement.cpp
c:\users\salmin\desktop\dc\dc\doublecheck\engine\object.h(4): warning C4067: unexpected tokens following preprocessor directive - expected a newline
  Component_Transform.cpp
c:\users\salmin\desktop\dc\dc\doublecheck\engine\object.h(4): warning C4067: unexpected tokens following preprocessor directive - expected a newline
  Engine.cpp
c:\users\salmin\desktop\dc\dc\doublecheck\engine\object.h(4): warning C4067: unexpected tokens following preprocessor directive - expected a newline
c:\users\salmin\desktop\dc\dc\doublecheck\engine\engine.cpp(106): warning C4244: '=': conversion from 'double' to 'float', possible loss of data
  GL.cpp
  Graphic.cpp
c:\users\salmin\desktop\dc\dc\doublecheck\engine\object.h(4): warning C4067: unexpected tokens following preprocessor directive - expected a newline
  Image.cpp
  Input.cpp
c:\users\salmin\desktop\dc\dc\doublecheck\engine\object.h(4): warning C4067: unexpected tokens following preprocessor directive - expected a newline
c:\users\salmin\desktop\dc\dc\doublecheck\engine\input.cpp(141): warning C4244: '=': conversion from 'double' to 'float', possible loss of data
c:\users\salmin\desktop\dc\dc\doublecheck\engine\input.cpp(142): warning C4244: '=': conversion from 'double' to 'float', possible loss of data
  Mesh.cpp
c:\users\salmin\desktop\dc\dc\doublecheck\engine\mesh.cpp(168): warning C4267: 'initializing': conversion from 'size_t' to 'int', possible loss of data
c:\users\salmin\desktop\dc\dc\doublecheck\engine\mesh.cpp(168): warning C4267: 'initializing': conversion from 'size_t' to 'const int', possible loss of data
  Generating Code...
  Compiling...
  Message.cpp
c:\users\salmin\desktop\dc\dc\doublecheck\engine\object.h(4): warning C4067: unexpected tokens following preprocessor directive - expected a newline
  Message_Mananger.cpp
c:\users\salmin\desktop\dc\dc\doublecheck\engine\object.h(4): warning C4067: unexpected tokens following preprocessor directive - expected a newline
  Object.cpp
c:\users\salmin\desktop\dc\dc\doublecheck\engine\object.h(4): warning C4067: unexpected tokens following preprocessor directive - expected a newline
  ObjectManager.cpp
c:\users\salmin\desktop\dc\dc\doublecheck\engine\object.h(4): warning C4067: unexpected tokens following preprocessor directive - expected a newline
  Physics.cpp
c:\users\salmin\desktop\dc\dc\doublecheck\engine\object.h(4): warning C4067: unexpected tokens following preprocessor directive - expected a newline
c:\users\salmin\desktop\dc\dc\doublecheck\engine\physics.cpp(17): warning C4305: 'argument': truncation from 'double' to 'float'
c:\users\salmin\desktop\dc\dc\doublecheck\engine\physics.cpp(22): warning C4305: 'argument': truncation from 'double' to 'float'
c:\users\salmin\desktop\dc\dc\doublecheck\engine\physics.cpp(27): warning C4305: 'argument': truncation from 'double' to 'float'
c:\users\salmin\desktop\dc\dc\doublecheck\engine\physics.cpp(35): warning C4305: 'argument': truncation from 'double' to 'float'
c:\users\salmin\desktop\dc\dc\doublecheck\engine\physics.cpp(40): warning C4305: 'argument': truncation from 'double' to 'float'
c:\users\salmin\desktop\dc\dc\doublecheck\engine\physics.cpp(45): warning C4305: 'argument': truncation from 'double' to 'float'
c:\users\salmin\desktop\dc\dc\doublecheck\engine\physics.cpp(53): warning C4305: 'argument': truncation from 'double' to 'float'
c:\users\salmin\desktop\dc\dc\doublecheck\engine\physics.cpp(60): warning C4305: 'argument': truncation from 'double' to 'float'
  Shader.cpp
  Component_Sprite.cpp
c:\users\salmin\desktop\dc\dc\doublecheck\engine\object.h(4): warning C4067: unexpected tokens following preprocessor directive - expected a newline
c:\users\salmin\desktop\dc\dc\doublecheck\engine\component_sprite.cpp(139): warning C4267: 'initializing': conversion from 'size_t' to 'int', possible loss of data
  StateManager.cpp
  Texture.cpp
  Transform.cpp
  VertexLayoutDescription.cpp
  Vertices.cpp
  View.cpp
  Generating Code...
  Engine.vcxproj -> C:\Users\salmin\Desktop\DC\DC\DoubleCheck\x64\Debug\Engine.lib
